<?xml version="1.0" encoding="UTF-8"?>
<testsuite xmlns:xsi="http://www.w3.org/2001/XMLSchema-instance" xsi:noNamespaceSchemaLocation="https://maven.apache.org/surefire/maven-surefire-plugin/xsd/surefire-test-report.xsd" name="com.asd.AppTest" time="0.045" tests="1" errors="0" skipped="0" failures="0">
  <properties>
    <property name="java.specification.version" value="16"/>
    <property name="sun.cpu.isalist" value="amd64"/>
    <property name="sun.jnu.encoding" value="Cp1252"/>
    <property name="java.class.path" value="h:\Programming\ASD_maps\maps\target\test-classes;h:\Programming\ASD_maps\maps\target\classes;C:\Users\My Computer\.m2\repository\io\github\cdimascio\dotenv-java\2.2.3\dotenv-java-2.2.3.jar;C:\Users\My Computer\.m2\repository\com\akathist\maven\plugins\launch4j\launch4j-maven-plugin\2.1.2\launch4j-maven-plugin-2.1.2.jar;C:\Users\My Computer\.m2\repository\net\sf\launch4j\launch4j\3.14\launch4j-3.14-core.jar;C:\Users\My Computer\.m2\repository\commons-beanutils\commons-beanutils\1.9.4\commons-beanutils-1.9.4.jar;C:\Users\My Computer\.m2\repository\commons-logging\commons-logging\1.2\commons-logging-1.2.jar;C:\Users\My Computer\.m2\repository\foxtrot\foxtrot\2.0\foxtrot-2.0.jar;C:\Users\My Computer\.m2\repository\com\jgoodies\jgoodies-common\1.7.0\jgoodies-common-1.7.0.jar;C:\Users\My Computer\.m2\repository\com\jgoodies\forms\1.2.1\forms-1.2.1.jar;C:\Users\My Computer\.m2\repository\com\formdev\flatlaf\1.0\flatlaf-1.0.jar;C:\Users\My Computer\.m2\repository\com\thoughtworks\xstream\xstream\1.4.15\xstream-1.4.15.jar;C:\Users\My Computer\.m2\repository\xmlpull\xmlpull\1.1.3.1\xmlpull-1.1.3.1.jar;C:\Users\My Computer\.m2\repository\xpp3\xpp3_min\1.1.4c\xpp3_min-1.1.4c.jar;C:\Users\My Computer\.m2\repository\org\apache\ant\ant\1.10.9\ant-1.10.9.jar;C:\Users\My Computer\.m2\repository\org\apache\ant\ant-launcher\1.10.9\ant-launcher-1.10.9.jar;C:\Users\My Computer\.m2\repository\org\apache\maven\maven-plugin-api\3.8.2\maven-plugin-api-3.8.2.jar;C:\Users\My Computer\.m2\repository\org\eclipse\sisu\org.eclipse.sisu.plexus\0.3.4\org.eclipse.sisu.plexus-0.3.4.jar;C:\Users\My Computer\.m2\repository\javax\enterprise\cdi-api\1.0\cdi-api-1.0.jar;C:\Users\My Computer\.m2\repository\javax\annotation\jsr250-api\1.0\jsr250-api-1.0.jar;C:\Users\My Computer\.m2\repository\org\codehaus\plexus\plexus-classworlds\2.6.0\plexus-classworlds-2.6.0.jar;C:\Users\My Computer\.m2\repository\org\apache\maven\maven-model\3.8.2\maven-model-3.8.2.jar;C:\Users\My Computer\.m2\repository\org\apache\maven\maven-artifact\3.8.2\maven-artifact-3.8.2.jar;C:\Users\My Computer\.m2\repository\org\apache\maven\maven-core\3.8.2\maven-core-3.8.2.jar;C:\Users\My Computer\.m2\repository\org\apache\maven\maven-settings\3.8.2\maven-settings-3.8.2.jar;C:\Users\My Computer\.m2\repository\org\apache\maven\maven-settings-builder\3.8.2\maven-settings-builder-3.8.2.jar;C:\Users\My Computer\.m2\repository\org\codehaus\plexus\plexus-interpolation\1.25\plexus-interpolation-1.25.jar;C:\Users\My Computer\.m2\repository\org\sonatype\plexus\plexus-sec-dispatcher\1.4\plexus-sec-dispatcher-1.4.jar;C:\Users\My Computer\.m2\repository\org\apache\maven\maven-builder-support\3.8.2\maven-builder-support-3.8.2.jar;C:\Users\My Computer\.m2\repository\org\apache\maven\maven-repository-metadata\3.8.2\maven-repository-metadata-3.8.2.jar;C:\Users\My Computer\.m2\repository\org\apache\maven\maven-model-builder\3.8.2\maven-model-builder-3.8.2.jar;C:\Users\My Computer\.m2\repository\org\apache\maven\maven-resolver-provider\3.8.2\maven-resolver-provider-3.8.2.jar;C:\Users\My Computer\.m2\repository\org\apache\maven\resolver\maven-resolver-impl\1.6.3\maven-resolver-impl-1.6.3.jar;C:\Users\My Computer\.m2\repository\org\apache\maven\resolver\maven-resolver-api\1.6.3\maven-resolver-api-1.6.3.jar;C:\Users\My Computer\.m2\repository\org\apache\maven\resolver\maven-resolver-spi\1.6.3\maven-resolver-spi-1.6.3.jar;C:\Users\My Computer\.m2\repository\org\apache\maven\resolver\maven-resolver-util\1.6.3\maven-resolver-util-1.6.3.jar;C:\Users\My Computer\.m2\repository\org\apache\maven\shared\maven-shared-utils\3.3.4\maven-shared-utils-3.3.4.jar;C:\Users\My Computer\.m2\repository\org\eclipse\sisu\org.eclipse.sisu.inject\0.3.4\org.eclipse.sisu.inject-0.3.4.jar;C:\Users\My Computer\.m2\repository\com\google\inject\guice\4.2.2\guice-4.2.2-no_aop.jar;C:\Users\My Computer\.m2\repository\aopalliance\aopalliance\1.0\aopalliance-1.0.jar;C:\Users\My Computer\.m2\repository\com\google\guava\guava\25.1-android\guava-25.1-android.jar;C:\Users\My Computer\.m2\repository\com\google\code\findbugs\jsr305\3.0.2\jsr305-3.0.2.jar;C:\Users\My Computer\.m2\repository\org\checkerframework\checker-compat-qual\2.0.0\checker-compat-qual-2.0.0.jar;C:\Users\My Computer\.m2\repository\com\google\errorprone\error_prone_annotations\2.1.3\error_prone_annotations-2.1.3.jar;C:\Users\My Computer\.m2\repository\com\google\j2objc\j2objc-annotations\1.1\j2objc-annotations-1.1.jar;C:\Users\My Computer\.m2\repository\org\codehaus\mojo\animal-sniffer-annotations\1.14\animal-sniffer-annotations-1.14.jar;C:\Users\My Computer\.m2\repository\javax\inject\javax.inject\1\javax.inject-1.jar;C:\Users\My Computer\.m2\repository\org\codehaus\plexus\plexus-component-annotations\2.1.0\plexus-component-annotations-2.1.0.jar;C:\Users\My Computer\.m2\repository\org\apache\maven\shared\maven-artifact-transfer\0.13.1\maven-artifact-transfer-0.13.1.jar;C:\Users\My Computer\.m2\repository\org\apache\maven\shared\maven-common-artifact-filters\3.1.0\maven-common-artifact-filters-3.1.0.jar;C:\Users\My Computer\.m2\repository\org\sonatype\sisu\sisu-inject-plexus\1.4.2\sisu-inject-plexus-1.4.2.jar;C:\Users\My Computer\.m2\repository\org\sonatype\sisu\sisu-inject-bean\1.4.2\sisu-inject-bean-1.4.2.jar;C:\Users\My Computer\.m2\repository\org\sonatype\sisu\sisu-guice\2.1.7\sisu-guice-2.1.7-noaop.jar;C:\Users\My Computer\.m2\repository\org\apache\maven\plugins\maven-shade-plugin\3.3.0\maven-shade-plugin-3.3.0.jar;C:\Users\My Computer\.m2\repository\org\codehaus\plexus\plexus-utils\3.3.0\plexus-utils-3.3.0.jar;C:\Users\My Computer\.m2\repository\org\slf4j\slf4j-api\1.7.32\slf4j-api-1.7.32.jar;C:\Users\My Computer\.m2\repository\org\ow2\asm\asm\9.2\asm-9.2.jar;C:\Users\My Computer\.m2\repository\org\ow2\asm\asm-commons\9.2\asm-commons-9.2.jar;C:\Users\My Computer\.m2\repository\org\ow2\asm\asm-tree\9.2\asm-tree-9.2.jar;C:\Users\My Computer\.m2\repository\org\ow2\asm\asm-analysis\9.2\asm-analysis-9.2.jar;C:\Users\My Computer\.m2\repository\org\jdom\jdom2\2.0.6.1\jdom2-2.0.6.1.jar;C:\Users\My Computer\.m2\repository\org\apache\maven\shared\maven-dependency-tree\3.0.1\maven-dependency-tree-3.0.1.jar;C:\Users\My Computer\.m2\repository\org\eclipse\aether\aether-util\0.9.0.M2\aether-util-0.9.0.M2.jar;C:\Users\My Computer\.m2\repository\commons-io\commons-io\2.6\commons-io-2.6.jar;C:\Users\My Computer\.m2\repository\org\vafer\jdependency\2.7.0\jdependency-2.7.0.jar;C:\Users\My Computer\.m2\repository\org\apache\commons\commons-lang3\3.8.1\commons-lang3-3.8.1.jar;C:\Users\My Computer\.m2\repository\org\apache\commons\commons-collections4\4.2\commons-collections4-4.2.jar;C:\Users\My Computer\.m2\repository\org\slf4j\slf4j-simple\1.7.25\slf4j-simple-1.7.25.jar;C:\Users\My Computer\.m2\repository\com\google\maps\google-maps-services\2.0.0\google-maps-services-2.0.0.jar;C:\Users\My Computer\.m2\repository\com\squareup\okhttp3\okhttp\4.9.3\okhttp-4.9.3.jar;C:\Users\My Computer\.m2\repository\com\squareup\okio\okio\2.8.0\okio-2.8.0.jar;C:\Users\My Computer\.m2\repository\org\jetbrains\kotlin\kotlin-stdlib-common\1.4.0\kotlin-stdlib-common-1.4.0.jar;C:\Users\My Computer\.m2\repository\org\jetbrains\kotlin\kotlin-stdlib\1.4.10\kotlin-stdlib-1.4.10.jar;C:\Users\My Computer\.m2\repository\org\jetbrains\annotations\13.0\annotations-13.0.jar;C:\Users\My Computer\.m2\repository\com\google\code\gson\gson\2.8.9\gson-2.8.9.jar;C:\Users\My Computer\.m2\repository\io\opencensus\opencensus-api\0.30.0\opencensus-api-0.30.0.jar;C:\Users\My Computer\.m2\repository\io\grpc\grpc-context\1.27.2\grpc-context-1.27.2.jar;C:\Users\My Computer\.m2\repository\junit\junit\4.11\junit-4.11.jar;C:\Users\My Computer\.m2\repository\org\hamcrest\hamcrest-core\1.3\hamcrest-core-1.3.jar;"/>
    <property name="java.vm.vendor" value="Oracle Corporation"/>
    <property name="sun.arch.data.model" value="64"/>
    <property name="user.variant" value=""/>
    <property name="java.vendor.url" value="https://java.oracle.com/"/>
    <property name="user.timezone" value="Asia/Bangkok"/>
    <property name="os.name" value="Windows 10"/>
    <property name="java.vm.specification.version" value="16"/>
    <property name="sun.java.launcher" value="SUN_STANDARD"/>
    <property name="user.country" value="US"/>
    <property name="sun.boot.library.path" value="C:\Program Files\Java\jdk-16.0.2\bin"/>
    <property name="sun.java.command" value="C:\Users\MYCOMP~1\AppData\Local\Temp\surefire10340943571103660826\surefirebooter17313582441464054673.jar C:\Users\My Computer\AppData\Local\Temp\surefire10340943571103660826 2022-06-01T08-43-27_527-jvmRun1 surefire13801271518555122682tmp surefire_08487423484610662492tmp"/>
    <property name="jdk.debug" value="release"/>
    <property name="surefire.test.class.path" value="h:\Programming\ASD_maps\maps\target\test-classes;h:\Programming\ASD_maps\maps\target\classes;C:\Users\My Computer\.m2\repository\io\github\cdimascio\dotenv-java\2.2.3\dotenv-java-2.2.3.jar;C:\Users\My Computer\.m2\repository\com\akathist\maven\plugins\launch4j\launch4j-maven-plugin\2.1.2\launch4j-maven-plugin-2.1.2.jar;C:\Users\My Computer\.m2\repository\net\sf\launch4j\launch4j\3.14\launch4j-3.14-core.jar;C:\Users\My Computer\.m2\repository\commons-beanutils\commons-beanutils\1.9.4\commons-beanutils-1.9.4.jar;C:\Users\My Computer\.m2\repository\commons-logging\commons-logging\1.2\commons-logging-1.2.jar;C:\Users\My Computer\.m2\repository\foxtrot\foxtrot\2.0\foxtrot-2.0.jar;C:\Users\My Computer\.m2\repository\com\jgoodies\jgoodies-common\1.7.0\jgoodies-common-1.7.0.jar;C:\Users\My Computer\.m2\repository\com\jgoodies\forms\1.2.1\forms-1.2.1.jar;C:\Users\My Computer\.m2\repository\com\formdev\flatlaf\1.0\flatlaf-1.0.jar;C:\Users\My Computer\.m2\repository\com\thoughtworks\xstream\xstream\1.4.15\xstream-1.4.15.jar;C:\Users\My Computer\.m2\repository\xmlpull\xmlpull\1.1.3.1\xmlpull-1.1.3.1.jar;C:\Users\My Computer\.m2\repository\xpp3\xpp3_min\1.1.4c\xpp3_min-1.1.4c.jar;C:\Users\My Computer\.m2\repository\org\apache\ant\ant\1.10.9\ant-1.10.9.jar;C:\Users\My Computer\.m2\repository\org\apache\ant\ant-launcher\1.10.9\ant-launcher-1.10.9.jar;C:\Users\My Computer\.m2\repository\org\apache\maven\maven-plugin-api\3.8.2\maven-plugin-api-3.8.2.jar;C:\Users\My Computer\.m2\repository\org\eclipse\sisu\org.eclipse.sisu.plexus\0.3.4\org.eclipse.sisu.plexus-0.3.4.jar;C:\Users\My Computer\.m2\repository\javax\enterprise\cdi-api\1.0\cdi-api-1.0.jar;C:\Users\My Computer\.m2\repository\javax\annotation\jsr250-api\1.0\jsr250-api-1.0.jar;C:\Users\My Computer\.m2\repository\org\codehaus\plexus\plexus-classworlds\2.6.0\plexus-classworlds-2.6.0.jar;C:\Users\My Computer\.m2\repository\org\apache\maven\maven-model\3.8.2\maven-model-3.8.2.jar;C:\Users\My Computer\.m2\repository\org\apache\maven\maven-artifact\3.8.2\maven-artifact-3.8.2.jar;C:\Users\My Computer\.m2\repository\org\apache\maven\maven-core\3.8.2\maven-core-3.8.2.jar;C:\Users\My Computer\.m2\repository\org\apache\maven\maven-settings\3.8.2\maven-settings-3.8.2.jar;C:\Users\My Computer\.m2\repository\org\apache\maven\maven-settings-builder\3.8.2\maven-settings-builder-3.8.2.jar;C:\Users\My Computer\.m2\repository\org\codehaus\plexus\plexus-interpolation\1.25\plexus-interpolation-1.25.jar;C:\Users\My Computer\.m2\repository\org\sonatype\plexus\plexus-sec-dispatcher\1.4\plexus-sec-dispatcher-1.4.jar;C:\Users\My Computer\.m2\repository\org\apache\maven\maven-builder-support\3.8.2\maven-builder-support-3.8.2.jar;C:\Users\My Computer\.m2\repository\org\apache\maven\maven-repository-metadata\3.8.2\maven-repository-metadata-3.8.2.jar;C:\Users\My Computer\.m2\repository\org\apache\maven\maven-model-builder\3.8.2\maven-model-builder-3.8.2.jar;C:\Users\My Computer\.m2\repository\org\apache\maven\maven-resolver-provider\3.8.2\maven-resolver-provider-3.8.2.jar;C:\Users\My Computer\.m2\repository\org\apache\maven\resolver\maven-resolver-impl\1.6.3\maven-resolver-impl-1.6.3.jar;C:\Users\My Computer\.m2\repository\org\apache\maven\resolver\maven-resolver-api\1.6.3\maven-resolver-api-1.6.3.jar;C:\Users\My Computer\.m2\repository\org\apache\maven\resolver\maven-resolver-spi\1.6.3\maven-resolver-spi-1.6.3.jar;C:\Users\My Computer\.m2\repository\org\apache\maven\resolver\maven-resolver-util\1.6.3\maven-resolver-util-1.6.3.jar;C:\Users\My Computer\.m2\repository\org\apache\maven\shared\maven-shared-utils\3.3.4\maven-shared-utils-3.3.4.jar;C:\Users\My Computer\.m2\repository\org\eclipse\sisu\org.eclipse.sisu.inject\0.3.4\org.eclipse.sisu.inject-0.3.4.jar;C:\Users\My Computer\.m2\repository\com\google\inject\guice\4.2.2\guice-4.2.2-no_aop.jar;C:\Users\My Computer\.m2\repository\aopalliance\aopalliance\1.0\aopalliance-1.0.jar;C:\Users\My Computer\.m2\repository\com\google\guava\guava\25.1-android\guava-25.1-android.jar;C:\Users\My Computer\.m2\repository\com\google\code\findbugs\jsr305\3.0.2\jsr305-3.0.2.jar;C:\Users\My Computer\.m2\repository\org\checkerframework\checker-compat-qual\2.0.0\checker-compat-qual-2.0.0.jar;C:\Users\My Computer\.m2\repository\com\google\errorprone\error_prone_annotations\2.1.3\error_prone_annotations-2.1.3.jar;C:\Users\My Computer\.m2\repository\com\google\j2objc\j2objc-annotations\1.1\j2objc-annotations-1.1.jar;C:\Users\My Computer\.m2\repository\org\codehaus\mojo\animal-sniffer-annotations\1.14\animal-sniffer-annotations-1.14.jar;C:\Users\My Computer\.m2\repository\javax\inject\javax.inject\1\javax.inject-1.jar;C:\Users\My Computer\.m2\repository\org\codehaus\plexus\plexus-component-annotations\2.1.0\plexus-component-annotations-2.1.0.jar;C:\Users\My Computer\.m2\repository\org\apache\maven\shared\maven-artifact-transfer\0.13.1\maven-artifact-transfer-0.13.1.jar;C:\Users\My Computer\.m2\repository\org\apache\maven\shared\maven-common-artifact-filters\3.1.0\maven-common-artifact-filters-3.1.0.jar;C:\Users\My Computer\.m2\repository\org\sonatype\sisu\sisu-inject-plexus\1.4.2\sisu-inject-plexus-1.4.2.jar;C:\Users\My Computer\.m2\repository\org\sonatype\sisu\sisu-inject-bean\1.4.2\sisu-inject-bean-1.4.2.jar;C:\Users\My Computer\.m2\repository\org\sonatype\sisu\sisu-guice\2.1.7\sisu-guice-2.1.7-noaop.jar;C:\Users\My Computer\.m2\repository\org\apache\maven\plugins\maven-shade-plugin\3.3.0\maven-shade-plugin-3.3.0.jar;C:\Users\My Computer\.m2\repository\org\codehaus\plexus\plexus-utils\3.3.0\plexus-utils-3.3.0.jar;C:\Users\My Computer\.m2\repository\org\slf4j\slf4j-api\1.7.32\slf4j-api-1.7.32.jar;C:\Users\My Computer\.m2\repository\org\ow2\asm\asm\9.2\asm-9.2.jar;C:\Users\My Computer\.m2\repository\org\ow2\asm\asm-commons\9.2\asm-commons-9.2.jar;C:\Users\My Computer\.m2\repository\org\ow2\asm\asm-tree\9.2\asm-tree-9.2.jar;C:\Users\My Computer\.m2\repository\org\ow2\asm\asm-analysis\9.2\asm-analysis-9.2.jar;C:\Users\My Computer\.m2\repository\org\jdom\jdom2\2.0.6.1\jdom2-2.0.6.1.jar;C:\Users\My Computer\.m2\repository\org\apache\maven\shared\maven-dependency-tree\3.0.1\maven-dependency-tree-3.0.1.jar;C:\Users\My Computer\.m2\repository\org\eclipse\aether\aether-util\0.9.0.M2\aether-util-0.9.0.M2.jar;C:\Users\My Computer\.m2\repository\commons-io\commons-io\2.6\commons-io-2.6.jar;C:\Users\My Computer\.m2\repository\org\vafer\jdependency\2.7.0\jdependency-2.7.0.jar;C:\Users\My Computer\.m2\repository\org\apache\commons\commons-lang3\3.8.1\commons-lang3-3.8.1.jar;C:\Users\My Computer\.m2\repository\org\apache\commons\commons-collections4\4.2\commons-collections4-4.2.jar;C:\Users\My Computer\.m2\repository\org\slf4j\slf4j-simple\1.7.25\slf4j-simple-1.7.25.jar;C:\Users\My Computer\.m2\repository\com\google\maps\google-maps-services\2.0.0\google-maps-services-2.0.0.jar;C:\Users\My Computer\.m2\repository\com\squareup\okhttp3\okhttp\4.9.3\okhttp-4.9.3.jar;C:\Users\My Computer\.m2\repository\com\squareup\okio\okio\2.8.0\okio-2.8.0.jar;C:\Users\My Computer\.m2\repository\org\jetbrains\kotlin\kotlin-stdlib-common\1.4.0\kotlin-stdlib-common-1.4.0.jar;C:\Users\My Computer\.m2\repository\org\jetbrains\kotlin\kotlin-stdlib\1.4.10\kotlin-stdlib-1.4.10.jar;C:\Users\My Computer\.m2\repository\org\jetbrains\annotations\13.0\annotations-13.0.jar;C:\Users\My Computer\.m2\repository\com\google\code\gson\gson\2.8.9\gson-2.8.9.jar;C:\Users\My Computer\.m2\repository\io\opencensus\opencensus-api\0.30.0\opencensus-api-0.30.0.jar;C:\Users\My Computer\.m2\repository\io\grpc\grpc-context\1.27.2\grpc-context-1.27.2.jar;C:\Users\My Computer\.m2\repository\junit\junit\4.11\junit-4.11.jar;C:\Users\My Computer\.m2\repository\org\hamcrest\hamcrest-core\1.3\hamcrest-core-1.3.jar;"/>
    <property name="sun.cpu.endian" value="little"/>
    <property name="user.home" value="C:\Users\My Computer"/>
    <property name="user.language" value="en"/>
    <property name="java.specification.vendor" value="Oracle Corporation"/>
    <property name="java.version.date" value="2021-07-20"/>
    <property name="java.home" value="C:\Program Files\Java\jdk-16.0.2"/>
    <property name="file.separator" value="\"/>
    <property name="basedir" value="h:\Programming\ASD_maps\maps"/>
    <property name="java.vm.compressedOopsMode" value="Zero based"/>
    <property name="line.separator" value="&#10;"/>
    <property name="java.vm.specification.vendor" value="Oracle Corporation"/>
    <property name="java.specification.name" value="Java Platform API Specification"/>
    <property name="surefire.real.class.path" value="C:\Users\MYCOMP~1\AppData\Local\Temp\surefire10340943571103660826\surefirebooter17313582441464054673.jar"/>
    <property name="user.script" value=""/>
    <property name="sun.management.compiler" value="HotSpot 64-Bit Tiered Compilers"/>
    <property name="java.runtime.version" value="16.0.2+7-67"/>
    <property name="user.name" value="My Computer"/>
    <property name="path.separator" value=";"/>
    <property name="os.version" value="10.0"/>
    <property name="java.runtime.name" value="Java(TM) SE Runtime Environment"/>
    <property name="file.encoding" value="Cp1252"/>
    <property name="java.vm.name" value="Java HotSpot(TM) 64-Bit Server VM"/>
    <property name="localRepository" value="C:\Users\My Computer\.m2\repository"/>
    <property name="java.vendor.url.bug" value="https://bugreport.java.com/bugreport/"/>
    <property name="java.io.tmpdir" value="C:\Users\MYCOMP~1\AppData\Local\Temp\"/>
    <property name="java.version" value="16.0.2"/>
    <property name="user.dir" value="h:\Programming\ASD_maps\maps"/>
    <property name="os.arch" value="amd64"/>
    <property name="java.vm.specification.name" value="Java Virtual Machine Specification"/>
    <property name="sun.os.patch.level" value=""/>
    <property name="java.library.path" value="C:\Program Files\Java\jdk-16.0.2\bin;C:\WINDOWS\Sun\Java\bin;C:\WINDOWS\system32;C:\WINDOWS;H:\Oculus\Support\oculus-runtime;C:\Python310\Scripts\;C:\Python310\;C:\Program Files\Common Files\Oracle\Java\javapath;C:\ProgramData\Oracle\Java\javapath;C:\WINDOWS\system32;C:\WINDOWS;C:\WINDOWS\System32\Wbem;C:\WINDOWS\System32\WindowsPowerShell\v1.0\;C:\Program Files (x86)\Microsoft SQL Server\100\Tools\Binn\;C:\Program Files\Microsoft SQL Server\100\Tools\Binn\;C:\Program Files\Microsoft SQL Server\100\DTS\Binn\;C:\WINDOWS\System32\OpenSSH\;C:\TDM-GCC-64\bin;C:\Users\My Computer\AppData\Local\Microsoft\WindowsApps;C:\adb;C:\Program Files\Common Files\Autodesk Shared\;C:\Program Files\Microsoft SQL Server\120\Tools\Binn\;C:\WINDOWS\system32;C:\WINDOWS;C:\WINDOWS\System32\Wbem;C:\WINDOWS\System32\WindowsPowerShell\v1.0\;C:\WINDOWS\System32\OpenSSH\;C:\Program Files\dotnet\;C:\Program Files\CMake\bin;C:\Program Files (x86)\nodejs\;C:\ProgramData\chocolatey\bin;C:\Program Files\Git\cmd;C:\Program Files\Docker\Docker\resources\bin;C:\ProgramData\DockerDesktop\version-bin;C:\Program Files (x86)\NVIDIA Corporation\PhysX\Common;C:\Program Files\NVIDIA Corporation\NVIDIA NvDLISR;H:\Programming\Microsoft VS Code\bin;C:\Users\My Computer\.dotnet\tools;C:\Users\My Computer\AppData\Roaming\npm;H:\Programming\Flutter\flutter\bin;C:\Program Files\Git\bin;C:\Users\My Computer\AppData\Local\Pub\Cache\bin;C:\Users\My Computer\AppData\Local\Google\Cloud SDK\google-cloud-sdk\bin;."/>
    <property name="java.vm.info" value="mixed mode, sharing"/>
    <property name="java.vendor" value="Oracle Corporation"/>
    <property name="java.vm.version" value="16.0.2+7-67"/>
    <property name="sun.io.unicode.encoding" value="UnicodeLittle"/>
    <property name="java.class.version" value="60.0"/>
  </properties>
  <testcase name="shouldAnswerWithTrue" classname="com.asd.AppTest" time="0.003"/>
</testsuite>